<?xml version="1.0" encoding="UTF-8"?>
<!-- Generated by org.testng.reporters.JUnitReportReporter -->
<testsuite hostname="DESKTOP-AJ4AGAI" name="demoGit.Demo" tests="1" failures="0" timestamp="10 Mar 2022 09:49:29 GMT" time="0.016" errors="0">
  <testcase name="demo" time="0.016" classname="demoGit.Demo"/>
</testsuite> <!-- demoGit.Demo -->
